<?xml version="1.0" encoding="UTF-8"?>
<testng-results skipped="0" failed="0" total="1" passed="1">
  <reporter-output>
  </reporter-output>
  <suite name="Default suite" duration-ms="90124" started-at="2017-05-16T06:13:28Z" finished-at="2017-05-16T06:14:58Z">
    <groups>
    </groups>
    <test name="Default test" duration-ms="90124" started-at="2017-05-16T06:13:28Z" finished-at="2017-05-16T06:14:58Z">
      <class name="com.loylogics.testscript.IsometricTestCase1">
        <test-method status="PASS" signature="setUp()[pri:0, instance:com.loylogics.testscript.IsometricTestCase1@4bbfb90a]" name="setUp" is-config="true" duration-ms="12560" started-at="2017-05-16T11:43:28Z" finished-at="2017-05-16T11:43:41Z">
          <reporter-output>
          </reporter-output>
        </test-method> <!-- setUp -->
        <test-method status="PASS" signature="initData()[pri:0, instance:com.loylogics.testscript.IsometricTestCase1@4bbfb90a]" name="initData" is-config="true" duration-ms="14" started-at="2017-05-16T11:43:41Z" finished-at="2017-05-16T11:43:41Z">
          <reporter-output>
          </reporter-output>
        </test-method> <!-- initData -->
        <test-method status="PASS" signature="Test1()[pri:0, instance:com.loylogics.testscript.IsometricTestCase1@4bbfb90a]" name="Test1" duration-ms="77528" started-at="2017-05-16T11:43:41Z" finished-at="2017-05-16T11:44:58Z">
          <reporter-output>
          </reporter-output>
        </test-method> <!-- Test1 -->
        <test-method status="PASS" signature="afterMainMethod()[pri:0, instance:com.loylogics.testscript.IsometricTestCase1@4bbfb90a]" name="afterMainMethod" is-config="true" duration-ms="0" started-at="2017-05-16T11:44:58Z" finished-at="2017-05-16T11:44:58Z">
          <reporter-output>
          </reporter-output>
        </test-method> <!-- afterMainMethod -->
        <test-method status="PASS" signature="tearDownSuite()[pri:0, instance:com.loylogics.testscript.IsometricTestCase1@4bbfb90a]" name="tearDownSuite" is-config="true" duration-ms="1" started-at="2017-05-16T11:45:00Z" finished-at="2017-05-16T11:45:00Z">
          <reporter-output>
          </reporter-output>
        </test-method> <!-- tearDownSuite -->
      </class> <!-- com.loylogics.testscript.IsometricTestCase1 -->
    </test> <!-- Default test -->
  </suite> <!-- Default suite -->
</testng-results>
